********************************************************************************
*                     Saturday, April 01, 2017 5:32:51 AM                      *
********************************************************************************
CSharpCompilerWrapper.exe version: 2.0.3.30
Platform: Windows
Target assembly: Assembly-CSharp.dll
Project directory: J:\1_Informatyka\Programowanie\Projekty\Moje\Unity\SzakatonHackaton\AprilisJam
Target profile directory: C:\Program Files\Unity\Editor\Data\Mono\lib\mono\unity
Unity 'Data' or 'Frameworks' directory: C:/Program Files/Unity/Editor/Data
Compiler: Microsoft C# 6.0

- Compilation -----------------------------------------------

Process: J:\1_Informatyka\Programowanie\Projekty\Moje\Unity\SzakatonHackaton\AprilisJam\CSharp60Support\Roslyn\csc.exe
Arguments: -nostdlib+ -noconfig -nologo -r:"C:\Program Files\Unity\Editor\Data\Mono\lib\mono\unity\mscorlib.dll" -r:"C:\Program Files\Unity\Editor\Data\Mono\lib\mono\unity\System.dll" -r:"C:\Program Files\Unity\Editor\Data\Mono\lib\mono\unity\System.Core.dll" -r:"C:\Program Files\Unity\Editor\Data\Mono\lib\mono\unity\System.Xml.dll" @Temp/UnityTempFile-bc964d147927045478503e02c45d81a1 
Exit code: 1
Elapsed time: 0.51 sec

- Compiler output (0 lines):

- Compiler errors (7 lines):
0: Assets\_SCRIPTS\ShootControl.cs(13,20): error CS1061: 'PlayerMove' does not contain a definition for 'znak' and no extension method 'znak' accepting a first argument of type 'PlayerMove' could be found (are you missing a using directive or an assembly reference?)
1: Assets\_SCRIPTS\StartMenu.cs(10,10): warning CS0618: 'Application.LoadLevel(int)' is obsolete: 'Use SceneManager.LoadScene'
2: Assets\_SCRIPTS\PauseMenu.cs(43,31): warning CS0618: 'Application.loadedLevel' is obsolete: 'Use SceneManager to determine what scenes have been loaded'
3: Assets\_SCRIPTS\PauseMenu.cs(43,9): warning CS0618: 'Application.LoadLevel(int)' is obsolete: 'Use SceneManager.LoadScene'
4: Assets\_SCRIPTS\PauseMenu.cs(48,9): warning CS0618: 'Application.LoadLevel(int)' is obsolete: 'Use SceneManager.LoadScene'
5: Assets\_SCRIPTS\PlayerMove.cs(8,20): warning CS0414: The field 'PlayerMove.floor' is assigned but its value is never used
6: Assets\_SCRIPTS\PlayerMove.cs(8,9): warning CS0414: The field 'PlayerMove.jump2' is assigned but its value is never used
********************************************************************************
*                     Saturday, April 01, 2017 5:32:59 AM                      *
********************************************************************************
CSharpCompilerWrapper.exe version: 2.0.3.30
Platform: Windows
Target assembly: Assembly-CSharp.dll
Project directory: J:\1_Informatyka\Programowanie\Projekty\Moje\Unity\SzakatonHackaton\AprilisJam
Target profile directory: C:\Program Files\Unity\Editor\Data\Mono\lib\mono\unity
Unity 'Data' or 'Frameworks' directory: C:/Program Files/Unity/Editor/Data
Compiler: Microsoft C# 6.0

- Compilation -----------------------------------------------

Process: J:\1_Informatyka\Programowanie\Projekty\Moje\Unity\SzakatonHackaton\AprilisJam\CSharp60Support\Roslyn\csc.exe
Arguments: -nostdlib+ -noconfig -nologo -r:"C:\Program Files\Unity\Editor\Data\Mono\lib\mono\unity\mscorlib.dll" -r:"C:\Program Files\Unity\Editor\Data\Mono\lib\mono\unity\System.dll" -r:"C:\Program Files\Unity\Editor\Data\Mono\lib\mono\unity\System.Core.dll" -r:"C:\Program Files\Unity\Editor\Data\Mono\lib\mono\unity\System.Xml.dll" @Temp/UnityTempFile-8a99ec1dd88f92f4696af150a11ed5d4 
Exit code: 1
Elapsed time: 0.38 sec

- Compiler output (0 lines):

- Compiler errors (7 lines):
0: Assets\_SCRIPTS\ShootControl.cs(13,20): error CS1061: 'PlayerMove' does not contain a definition for 'znak' and no extension method 'znak' accepting a first argument of type 'PlayerMove' could be found (are you missing a using directive or an assembly reference?)
1: Assets\_SCRIPTS\StartMenu.cs(10,10): warning CS0618: 'Application.LoadLevel(int)' is obsolete: 'Use SceneManager.LoadScene'
2: Assets\_SCRIPTS\PauseMenu.cs(43,31): warning CS0618: 'Application.loadedLevel' is obsolete: 'Use SceneManager to determine what scenes have been loaded'
3: Assets\_SCRIPTS\PauseMenu.cs(43,9): warning CS0618: 'Application.LoadLevel(int)' is obsolete: 'Use SceneManager.LoadScene'
4: Assets\_SCRIPTS\PauseMenu.cs(48,9): warning CS0618: 'Application.LoadLevel(int)' is obsolete: 'Use SceneManager.LoadScene'
5: Assets\_SCRIPTS\PlayerMove.cs(8,9): warning CS0414: The field 'PlayerMove.jump2' is assigned but its value is never used
6: Assets\_SCRIPTS\PlayerMove.cs(8,20): warning CS0414: The field 'PlayerMove.floor' is assigned but its value is never used
